<?xml version="1.0" encoding="UTF-8"?>
<!-- Generated by org.testng.reporters.JUnitReportReporter -->
<testsuite hostname="DESKTOP-3R28KS4" failures="0" tests="4" name="tests.HomePageTest" time="33.157" errors="0" timestamp="2022-10-22T15:31:49 GST" skipped="0">
  <testcase classname="tests.HomePageTest" name="selectItemFromResult" time="6.516"/>
  <system-out/>
  <testcase classname="tests.HomePageTest" name="logout" time="3.601"/>
  <system-out/>
  <testcase classname="tests.HomePageTest" name="confirmLoginedUser" time="20.046"/>
  <system-out/>
  <testcase classname="tests.HomePageTest" name="searchTheKeyword" time="2.994"/>
  <system-out/>
</testsuite> <!-- tests.HomePageTest -->
