<?xml version="1.0" encoding="UTF-8"?>
<!-- Generated by org.testng.reporters.JUnitReportReporter -->
<testsuite hostname="DESKTOP-3R28KS4" failures="0" tests="9" name="tests.LoginPageTest" time="165.745" errors="0" timestamp="2022-10-22T15:31:49 GST" skipped="0">
  <testcase classname="tests.LoginPageTest" name="loginWithForgotPasswordButton" time="3.613"/>
  <system-out/>
  <testcase classname="tests.LoginPageTest" name="signup" time="29.584"/>
  <system-out/>
  <testcase classname="tests.LoginPageTest" name="loginWithInvalidEmailAndValidPassword" time="62.357"/>
  <system-out/>
  <testcase classname="tests.LoginPageTest" name="loginWithInvalidEmail" time="4.854"/>
  <system-out/>
  <testcase classname="tests.LoginPageTest" name="loginWithValidEmailAndInvalidPassword" time="38.813"/>
  <system-out/>
  <testcase classname="tests.LoginPageTest" name="login" time="2.593"/>
  <system-out/>
  <testcase classname="tests.LoginPageTest" name="loginEyeClickValidation" time="3.180"/>
  <system-out/>
  <testcase classname="tests.LoginPageTest" name="loginWithUnRegisteredEmailAndPassword" time="16.538"/>
  <system-out/>
  <testcase classname="tests.LoginPageTest" name="loginWithForgotPasswordButtonWithoutEmail" time="4.213"/>
  <system-out/>
</testsuite> <!-- tests.LoginPageTest -->
