<?xml version="1.0" encoding="UTF-8"?>
<!-- Generated by org.testng.reporters.JUnitReportReporter -->
<testsuite hostname="DESKTOP-3R28KS4" failures="0" tests="1" name="main.TestRunnerClass" time="3.522" errors="0" timestamp="2022-10-19T11:11:08 GST" skipped="0">
  <testcase classname="main.TestRunnerClass" name="SignUp" time="3.522"/>
  <system-out/>
</testsuite> <!-- main.TestRunnerClass -->
