<?xml version="1.0" encoding="UTF-8"?>
<!-- Generated by org.testng.reporters.JUnitReportReporter -->
<testsuite hostname="DESKTOP-3R28KS4" failures="0" tests="1" name="main.TestZendy" time="141.732" errors="0" timestamp="2022-10-19T20:04:07 GST" skipped="0">
  <testcase classname="main.TestZendy" name="FirstTestCase" time="141.732"/>
  <system-out/>
</testsuite> <!-- main.TestZendy -->
